{"failures":[{"error":["wollok.lib.AssertionException: Expected <#{a Set (2)}> but found <#{a Set (1)}>","  at test.\"posesiones\" [test.wtest:26]"],"test":"test.\"posesiones\""}],"level":"info","message":"🧪 Test runner executed on c:\\Users\\Lucas\\documents\\algoritmos1\\colecion-juego-de-tronos-parte-1-LucasBaez21","result":{"failed":1,"ok":0},"timeElapsed":419,"timestamp":"2024-09-05T21:06:31.048Z"}
{"failures":[{"error":["wollok.lib.AssertionException: Expected <#{a Set (2)}> but found <#{a Set (1)}>","  at test.\"verificar almacen en castillo\" [test.wtest:25]"],"test":"test.\"verificar almacen en castillo\""}],"level":"info","message":"🧪 Test runner executed on c:\\Users\\Lucas\\documents\\algoritmos1\\colecion-juego-de-tronos-parte-1-LucasBaez21","result":{"failed":1,"ok":0},"timeElapsed":453,"timestamp":"2024-09-05T21:07:09.058Z"}
{"failures":[],"level":"info","message":"🧪 Test runner executed on c:\\Users\\Lucas\\documents\\algoritmos1\\colecion-juego-de-tronos-parte-1-LucasBaez21","result":{"failed":0,"ok":1},"timeElapsed":383,"timestamp":"2024-09-05T21:07:54.364Z"}
{"level":"error","message":"✘ Failed to rebuild document Failed to parse gameOfThrone.wlk: \n-- PARSING FAILED --------------------------------------------------\n\n  19 |     method posee (artefacto){ //Muestra si un artefacto en especifico se posee o no.\n  20 |         return artefactosEncima.contains(artefacto) || castillo.artefactos().contains(artefacto)\n> 21 |     }\n     |     ^\n  22 |     method historia(){return encontrados} //Muestra el historial de artefactos encontrados en orden.\n  23 | }\n\nExpected one of the following: \n\n'@', 'class', 'const', 'describe', 'mixin', 'object', 'only', 'package', 'program', 'test', 'var', '{', EOF, comment, not \"}\r\n    \", whitespace\n","stack":"Error: Failed to parse gameOfThrone.wlk: \n-- PARSING FAILED --------------------------------------------------\n\n  19 |     method posee (artefacto){ //Muestra si un artefacto en especifico se posee o no.\n  20 |         return artefactosEncima.contains(artefacto) || castillo.artefactos().contains(artefacto)\n> 21 |     }\n     |     ^\n  22 |     method historia(){return encontrados} //Muestra el historial de artefactos encontrados en orden.\n  23 | }\n\nExpected one of the following: \n\n'@', 'class', 'const', 'describe', 'mixin', 'object', 'only', 'package', 'program', 'test', 'var', '{', EOF, comment, not \"}\r\n    \", whitespace\n\n    at c:\\Users\\Lucas\\.vscode\\extensions\\uqbar.wollok-lsp-ide-0.3.4\\node_modules\\wollok-ts\\dist\\index.js:54:19\n    at Array.map (<anonymous>)\n    at buildEnvironment (c:\\Users\\Lucas\\.vscode\\extensions\\uqbar.wollok-lsp-ide-0.3.4\\node_modules\\wollok-ts\\dist\\index.js:49:40)\n    at EnvironmentProvider.buildEnvironmentFrom (c:\\Users\\Lucas\\.vscode\\extensions\\uqbar.wollok-lsp-ide-0.3.4\\server\\out\\utils\\vm\\environment.js:29:66)\n    at EnvironmentProvider.updateEnvironmentWith (c:\\Users\\Lucas\\.vscode\\extensions\\uqbar.wollok-lsp-ide-0.3.4\\server\\out\\utils\\vm\\environment.js:19:37)\n    at rebuildTextDocument (c:\\Users\\Lucas\\.vscode\\extensions\\uqbar.wollok-lsp-ide-0.3.4\\server\\out\\server.js:102:29)\n    at CallbackList.invoke (c:\\Users\\Lucas\\.vscode\\extensions\\uqbar.wollok-lsp-ide-0.3.4\\server\\node_modules\\vscode-jsonrpc\\lib\\common\\events.js:55:39)\n    at Emitter.fire (c:\\Users\\Lucas\\.vscode\\extensions\\uqbar.wollok-lsp-ide-0.3.4\\server\\node_modules\\vscode-jsonrpc\\lib\\common\\events.js:117:36)\n    at c:\\Users\\Lucas\\.vscode\\extensions\\uqbar.wollok-lsp-ide-0.3.4\\server\\node_modules\\vscode-languageserver\\lib\\common\\textDocuments.js:138:42\n    at handleNotification (c:\\Users\\Lucas\\.vscode\\extensions\\uqbar.wollok-lsp-ide-0.3.4\\server\\node_modules\\vscode-jsonrpc\\lib\\common\\connection.js:640:25)","timestamp":"2024-09-05T21:12:03.150Z"}
{"level":"info","message":"⌛ Validating gameOfThrone.wlk","timeElapsed":107,"timestamp":"2024-09-05T21:12:05.295Z"}
{"level":"error","message":"✘ Completions for node failed: Error: [Send]{7515e5} at gameOfThrone.wlk:13 exhausted all cases without a match [Send]{7515e5} at gameOfThrone.wlk:13 exhausted all cases without a match","stack":"Error: [Send]{7515e5} at gameOfThrone.wlk:13 exhausted all cases without a match\n    at c:\\Users\\Lucas\\.vscode\\extensions\\uqbar.wollok-lsp-ide-0.3.4\\node_modules\\wollok-ts\\dist\\extensions.js:85:11\n    at completionsForNode (c:\\Users\\Lucas\\.vscode\\extensions\\uqbar.wollok-lsp-ide-0.3.4\\server\\out\\functionalities\\autocomplete\\node-completion.js:10:44)\n    at completeForParent (c:\\Users\\Lucas\\.vscode\\extensions\\uqbar.wollok-lsp-ide-0.3.4\\server\\out\\functionalities\\autocomplete\\node-completion.js:56:43)\n    at completeReference (c:\\Users\\Lucas\\.vscode\\extensions\\uqbar.wollok-lsp-ide-0.3.4\\server\\out\\functionalities\\autocomplete\\node-completion.js:64:135)\n    at c:\\Users\\Lucas\\.vscode\\extensions\\uqbar.wollok-lsp-ide-0.3.4\\node_modules\\wollok-ts\\dist\\extensions.js:84:20\n    at completionsForNode (c:\\Users\\Lucas\\.vscode\\extensions\\uqbar.wollok-lsp-ide-0.3.4\\server\\out\\functionalities\\autocomplete\\node-completion.js:10:44)\n    at c:\\Users\\Lucas\\.vscode\\extensions\\uqbar.wollok-lsp-ide-0.3.4\\server\\out\\functionalities\\autocomplete\\autocomplete.js:26:154\n    at c:\\Users\\Lucas\\.vscode\\extensions\\uqbar.wollok-lsp-ide-0.3.4\\server\\out\\server.js:198:20\n    at c:\\Users\\Lucas\\.vscode\\extensions\\uqbar.wollok-lsp-ide-0.3.4\\server\\node_modules\\vscode-languageserver\\lib\\common\\server.js:593:20\n    at handleRequest (c:\\Users\\Lucas\\.vscode\\extensions\\uqbar.wollok-lsp-ide-0.3.4\\server\\node_modules\\vscode-jsonrpc\\lib\\common\\connection.js:493:41)","timestamp":"2024-09-05T21:12:10.553Z"}
{"level":"info","message":"⌛ Validating gameOfThrone.wlk","timeElapsed":128,"timestamp":"2024-09-05T21:12:10.683Z"}
{"level":"info","message":"onRequest - completionItem/resolve","timestamp":"2024-09-05T21:12:10.683Z"}
{"level":"error","message":"✘ Completions for node failed: Error: [Send]{8d2d45} at gameOfThrone.wlk:13 exhausted all cases without a match [Send]{8d2d45} at gameOfThrone.wlk:13 exhausted all cases without a match","stack":"Error: [Send]{8d2d45} at gameOfThrone.wlk:13 exhausted all cases without a match\n    at c:\\Users\\Lucas\\.vscode\\extensions\\uqbar.wollok-lsp-ide-0.3.4\\node_modules\\wollok-ts\\dist\\extensions.js:85:11\n    at completionsForNode (c:\\Users\\Lucas\\.vscode\\extensions\\uqbar.wollok-lsp-ide-0.3.4\\server\\out\\functionalities\\autocomplete\\node-completion.js:10:44)\n    at completeForParent (c:\\Users\\Lucas\\.vscode\\extensions\\uqbar.wollok-lsp-ide-0.3.4\\server\\out\\functionalities\\autocomplete\\node-completion.js:56:43)\n    at completeReference (c:\\Users\\Lucas\\.vscode\\extensions\\uqbar.wollok-lsp-ide-0.3.4\\server\\out\\functionalities\\autocomplete\\node-completion.js:64:135)\n    at c:\\Users\\Lucas\\.vscode\\extensions\\uqbar.wollok-lsp-ide-0.3.4\\node_modules\\wollok-ts\\dist\\extensions.js:84:20\n    at completionsForNode (c:\\Users\\Lucas\\.vscode\\extensions\\uqbar.wollok-lsp-ide-0.3.4\\server\\out\\functionalities\\autocomplete\\node-completion.js:10:44)\n    at c:\\Users\\Lucas\\.vscode\\extensions\\uqbar.wollok-lsp-ide-0.3.4\\server\\out\\functionalities\\autocomplete\\autocomplete.js:26:154\n    at c:\\Users\\Lucas\\.vscode\\extensions\\uqbar.wollok-lsp-ide-0.3.4\\server\\out\\server.js:198:20\n    at c:\\Users\\Lucas\\.vscode\\extensions\\uqbar.wollok-lsp-ide-0.3.4\\server\\node_modules\\vscode-languageserver\\lib\\common\\server.js:593:20\n    at handleRequest (c:\\Users\\Lucas\\.vscode\\extensions\\uqbar.wollok-lsp-ide-0.3.4\\server\\node_modules\\vscode-jsonrpc\\lib\\common\\connection.js:493:41)","timestamp":"2024-09-05T21:12:12.293Z"}
{"level":"info","message":"onRequest - completionItem/resolve","timestamp":"2024-09-05T21:12:12.394Z"}
{"level":"info","message":"⌛ Building environment","timeElapsed":121,"timestamp":"2024-09-05T21:12:12.515Z"}
{"level":"info","message":"onRequest - completionItem/resolve","timestamp":"2024-09-05T21:12:12.516Z"}
{"level":"info","message":"⌛ Validating gameOfThrone.wlk","timeElapsed":114,"timestamp":"2024-09-05T21:12:12.630Z"}
{"level":"info","message":"onRequest - completionItem/resolve","timestamp":"2024-09-05T21:12:12.708Z"}
{"level":"info","message":"onRequest - completionItem/resolve","timestamp":"2024-09-05T21:12:12.776Z"}
{"level":"info","message":"⌛ Validating gameOfThrone.wlk","timeElapsed":117,"timestamp":"2024-09-05T21:12:12.893Z"}
{"level":"info","message":"onRequest - completionItem/resolve","timestamp":"2024-09-05T21:12:12.974Z"}
{"level":"info","message":"onRequest - completionItem/resolve","timestamp":"2024-09-05T21:12:13.137Z"}
{"level":"info","message":"⌛ Validating gameOfThrone.wlk","timeElapsed":124,"timestamp":"2024-09-05T21:12:13.261Z"}
{"failures":[],"level":"info","message":"🧪 Test runner executed on c:\\Users\\Lucas\\documents\\algoritmos1\\colecion-juego-de-tronos-parte-1-LucasBaez21","result":{"failed":0,"ok":1},"timeElapsed":427,"timestamp":"2024-09-05T21:12:21.522Z"}
{"failures":[],"level":"info","message":"🧪 Test runner executed on c:\\Users\\Lucas\\documents\\algoritmos1\\colecion-juego-de-tronos-parte-1-LucasBaez21","result":{"failed":0,"ok":1},"timeElapsed":402,"timestamp":"2024-09-05T21:12:28.993Z"}
{"failures":[{"error":["wollok.lib.AssertionException: Expected <[a List (5)]> but found <#{a Set (4)}>","  at test.\"historia\" [test.wtest:37]"],"test":"test.\"historia\""}],"level":"info","message":"🧪 Test runner executed on c:\\Users\\Lucas\\documents\\algoritmos1\\colecion-juego-de-tronos-parte-1-LucasBaez21","result":{"failed":1,"ok":3},"timeElapsed":476,"timestamp":"2024-09-05T21:12:34.660Z"}
{"level":"info","message":"⌛ Validating gameOfThrone.wlk","timeElapsed":116,"timestamp":"2024-09-05T21:12:48.919Z"}
{"level":"info","message":"⌛ Validating gameOfThrone.wlk","timeElapsed":110,"timestamp":"2024-09-05T21:12:50.387Z"}
{"failures":[{"error":["wollok.lib.AssertionException: Expected <[a List (5)]> but found <#{a Set (4)}>","  at test.\"historia\" [test.wtest:37]"],"test":"test.\"historia\""}],"level":"info","message":"🧪 Test runner executed on c:\\Users\\Lucas\\documents\\algoritmos1\\colecion-juego-de-tronos-parte-1-LucasBaez21","result":{"failed":1,"ok":0},"timeElapsed":420,"timestamp":"2024-09-05T21:14:35.228Z"}
{"level":"info","message":"⌛ Validating gameOfThrone.wlk","timeElapsed":116,"timestamp":"2024-09-05T21:14:47.967Z"}
{"level":"info","message":"⌛ Building environment","timeElapsed":116,"timestamp":"2024-09-05T21:14:49.029Z"}
{"level":"info","message":"⌛ Validating gameOfThrone.wlk","timeElapsed":117,"timestamp":"2024-09-05T21:14:49.148Z"}
{"level":"info","message":"⌛ Validating gameOfThrone.wlk","timeElapsed":109,"timestamp":"2024-09-05T21:14:49.742Z"}
{"level":"error","message":"✘ Failed to rebuild document Failed to parse gameOfThrone.wlk: \n-- PARSING FAILED --------------------------------------------------\n\n  14 |       castillo.agregarArtefactos(artefactosEncima) // Itera sobre la lista de artefactos del personaje y las agrega en el almacen.\n  15 |       artefactosEncima.clear()                         //Limpia la lista de artefactos.\n> 16 |     }\n     |     ^\n  17 |     method artefactos(){return artefactosEncima}\n  18 |     method posesiones() { return artefactosEncima.union(castillo.artefactos())} //Muestra todos los artefactos que se poseen (encima y almacen)\n\nExpected one of the following: \n\n'@', 'class', 'const', 'describe', 'mixin', 'object', 'only', 'package', 'program', 'test', 'var', '{', EOF, comment, not \"}\r\n    \", whitespace\n","stack":"Error: Failed to parse gameOfThrone.wlk: \n-- PARSING FAILED --------------------------------------------------\n\n  14 |       castillo.agregarArtefactos(artefactosEncima) // Itera sobre la lista de artefactos del personaje y las agrega en el almacen.\n  15 |       artefactosEncima.clear()                         //Limpia la lista de artefactos.\n> 16 |     }\n     |     ^\n  17 |     method artefactos(){return artefactosEncima}\n  18 |     method posesiones() { return artefactosEncima.union(castillo.artefactos())} //Muestra todos los artefactos que se poseen (encima y almacen)\n\nExpected one of the following: \n\n'@', 'class', 'const', 'describe', 'mixin', 'object', 'only', 'package', 'program', 'test', 'var', '{', EOF, comment, not \"}\r\n    \", whitespace\n\n    at c:\\Users\\Lucas\\.vscode\\extensions\\uqbar.wollok-lsp-ide-0.3.4\\node_modules\\wollok-ts\\dist\\index.js:54:19\n    at Array.map (<anonymous>)\n    at buildEnvironment (c:\\Users\\Lucas\\.vscode\\extensions\\uqbar.wollok-lsp-ide-0.3.4\\node_modules\\wollok-ts\\dist\\index.js:49:40)\n    at EnvironmentProvider.buildEnvironmentFrom (c:\\Users\\Lucas\\.vscode\\extensions\\uqbar.wollok-lsp-ide-0.3.4\\server\\out\\utils\\vm\\environment.js:29:66)\n    at EnvironmentProvider.updateEnvironmentWith (c:\\Users\\Lucas\\.vscode\\extensions\\uqbar.wollok-lsp-ide-0.3.4\\server\\out\\utils\\vm\\environment.js:19:37)\n    at rebuildTextDocument (c:\\Users\\Lucas\\.vscode\\extensions\\uqbar.wollok-lsp-ide-0.3.4\\server\\out\\server.js:102:29)\n    at CallbackList.invoke (c:\\Users\\Lucas\\.vscode\\extensions\\uqbar.wollok-lsp-ide-0.3.4\\server\\node_modules\\vscode-jsonrpc\\lib\\common\\events.js:55:39)\n    at Emitter.fire (c:\\Users\\Lucas\\.vscode\\extensions\\uqbar.wollok-lsp-ide-0.3.4\\server\\node_modules\\vscode-jsonrpc\\lib\\common\\events.js:117:36)\n    at c:\\Users\\Lucas\\.vscode\\extensions\\uqbar.wollok-lsp-ide-0.3.4\\server\\node_modules\\vscode-languageserver\\lib\\common\\textDocuments.js:138:42\n    at handleNotification (c:\\Users\\Lucas\\.vscode\\extensions\\uqbar.wollok-lsp-ide-0.3.4\\server\\node_modules\\vscode-jsonrpc\\lib\\common\\connection.js:640:25)","timestamp":"2024-09-05T21:14:49.755Z"}
{"failures":[{"error":["wollok.lang.MessageNotUnderstoodException: {} does not understand add(arg 0)","  at gameOfThrone.daenerys.encontrar(artefacto) [gameOfThrone.wlk:5]\r","  at test.\"historia\" [test.wtest:37]"],"test":"test.\"historia\""}],"level":"info","message":"🧪 Test runner executed on c:\\Users\\Lucas\\documents\\algoritmos1\\colecion-juego-de-tronos-parte-1-LucasBaez21","result":{"failed":1,"ok":0},"timeElapsed":396,"timestamp":"2024-09-05T21:15:03.619Z"}
{"level":"info","message":"⌛ Validating gameOfThrone.wlk","timeElapsed":105,"timestamp":"2024-09-05T21:15:18.088Z"}
{"level":"error","message":"✘ Failed to rebuild document Failed to parse gameOfThrone.wlk: \n-- PARSING FAILED --------------------------------------------------\n\n  14 |       castillo.agregarArtefactos(artefactosEncima) // Itera sobre la lista de artefactos del personaje y las agrega en el almacen.\n  15 |       artefactosEncima.clear()                         //Limpia la lista de artefactos.\n> 16 |     }\n     |     ^\n  17 |     method artefactos(){return artefactosEncima}\n  18 |     method posesiones() { return artefactosEncima.union(castillo.artefactos())} //Muestra todos los artefactos que se poseen (encima y almacen)\n\nExpected one of the following: \n\n'@', 'class', 'const', 'describe', 'mixin', 'object', 'only', 'package', 'program', 'test', 'var', '{', EOF, comment, not \"}\r\n    \", whitespace\n","stack":"Error: Failed to parse gameOfThrone.wlk: \n-- PARSING FAILED --------------------------------------------------\n\n  14 |       castillo.agregarArtefactos(artefactosEncima) // Itera sobre la lista de artefactos del personaje y las agrega en el almacen.\n  15 |       artefactosEncima.clear()                         //Limpia la lista de artefactos.\n> 16 |     }\n     |     ^\n  17 |     method artefactos(){return artefactosEncima}\n  18 |     method posesiones() { return artefactosEncima.union(castillo.artefactos())} //Muestra todos los artefactos que se poseen (encima y almacen)\n\nExpected one of the following: \n\n'@', 'class', 'const', 'describe', 'mixin', 'object', 'only', 'package', 'program', 'test', 'var', '{', EOF, comment, not \"}\r\n    \", whitespace\n\n    at c:\\Users\\Lucas\\.vscode\\extensions\\uqbar.wollok-lsp-ide-0.3.4\\node_modules\\wollok-ts\\dist\\index.js:54:19\n    at Array.map (<anonymous>)\n    at buildEnvironment (c:\\Users\\Lucas\\.vscode\\extensions\\uqbar.wollok-lsp-ide-0.3.4\\node_modules\\wollok-ts\\dist\\index.js:49:40)\n    at EnvironmentProvider.buildEnvironmentFrom (c:\\Users\\Lucas\\.vscode\\extensions\\uqbar.wollok-lsp-ide-0.3.4\\server\\out\\utils\\vm\\environment.js:29:66)\n    at EnvironmentProvider.updateEnvironmentWith (c:\\Users\\Lucas\\.vscode\\extensions\\uqbar.wollok-lsp-ide-0.3.4\\server\\out\\utils\\vm\\environment.js:19:37)\n    at rebuildTextDocument (c:\\Users\\Lucas\\.vscode\\extensions\\uqbar.wollok-lsp-ide-0.3.4\\server\\out\\server.js:102:29)\n    at CallbackList.invoke (c:\\Users\\Lucas\\.vscode\\extensions\\uqbar.wollok-lsp-ide-0.3.4\\server\\node_modules\\vscode-jsonrpc\\lib\\common\\events.js:55:39)\n    at Emitter.fire (c:\\Users\\Lucas\\.vscode\\extensions\\uqbar.wollok-lsp-ide-0.3.4\\server\\node_modules\\vscode-jsonrpc\\lib\\common\\events.js:117:36)\n    at c:\\Users\\Lucas\\.vscode\\extensions\\uqbar.wollok-lsp-ide-0.3.4\\server\\node_modules\\vscode-languageserver\\lib\\common\\textDocuments.js:138:42\n    at handleNotification (c:\\Users\\Lucas\\.vscode\\extensions\\uqbar.wollok-lsp-ide-0.3.4\\server\\node_modules\\vscode-jsonrpc\\lib\\common\\connection.js:640:25)","timestamp":"2024-09-05T21:15:18.103Z"}
{"failures":[],"level":"info","message":"🧪 Test runner executed on c:\\Users\\Lucas\\documents\\algoritmos1\\colecion-juego-de-tronos-parte-1-LucasBaez21","result":{"failed":0,"ok":1},"timeElapsed":430,"timestamp":"2024-09-05T21:15:30.598Z"}
{"failures":[],"level":"info","message":"🧪 Test runner executed on c:\\Users\\Lucas\\documents\\algoritmos1\\colecion-juego-de-tronos-parte-1-LucasBaez21","result":{"failed":0,"ok":4},"timeElapsed":511,"timestamp":"2024-09-05T21:15:35.792Z"}
{"level":"info","message":"⌛ Validating gameOfThrone.wlk","timeElapsed":105,"timestamp":"2024-09-05T21:15:45.215Z"}
{"level":"info","message":"⌛ Validating gameOfThrone.wlk","timeElapsed":112,"timestamp":"2024-09-05T21:15:45.593Z"}
{"level":"info","message":"⌛ Validating gameOfThrone.wlk","timeElapsed":117,"timestamp":"2024-09-05T21:15:45.790Z"}
{"level":"info","message":"⌛ Validating gameOfThrone.wlk","timeElapsed":102,"timestamp":"2024-09-05T21:15:46.111Z"}
{"level":"info","message":"⌛ Validating gameOfThrone.wlk","timeElapsed":101,"timestamp":"2024-09-05T21:15:46.529Z"}
{"level":"info","message":"⌛ Validating gameOfThrone.wlk","timeElapsed":104,"timestamp":"2024-09-05T21:15:52.298Z"}
{"level":"info","message":"⌛ Validating gameOfThrone.wlk","timeElapsed":101,"timestamp":"2024-09-05T21:15:58.864Z"}
{"level":"info","message":"⌛ Validating gameOfThrone.wlk","timeElapsed":116,"timestamp":"2024-09-05T21:15:59.662Z"}
{"level":"info","message":"⌛ Building environment","timeElapsed":101,"timestamp":"2024-09-05T21:16:01.058Z"}
{"level":"info","message":"⌛ Validating gameOfThrone.wlk","timeElapsed":103,"timestamp":"2024-09-05T21:16:18.139Z"}
{"level":"info","message":"⌛ Validating gameOfThrone.wlk","timeElapsed":104,"timestamp":"2024-09-05T21:16:19.678Z"}
{"level":"info","message":"⌛ Validating gameOfThrone.wlk","timeElapsed":105,"timestamp":"2024-09-05T21:16:56.690Z"}
{"level":"info","message":"⌛ Validating gameOfThrone.wlk","timeElapsed":110,"timestamp":"2024-09-05T21:16:57.801Z"}
{"level":"info","message":"⌛ Validating gameOfThrone.wlk","timeElapsed":103,"timestamp":"2024-09-05T21:16:58.184Z"}
{"level":"info","message":"⌛ Validating gameOfThrone.wlk","timeElapsed":111,"timestamp":"2024-09-05T21:17:05.837Z"}
{"level":"info","message":"⌛ Building environment","timeElapsed":103,"timestamp":"2024-09-05T21:17:06.135Z"}
{"level":"info","message":"⌛ Validating gameOfThrone.wlk","timeElapsed":120,"timestamp":"2024-09-05T21:17:06.328Z"}
{"level":"info","message":"⌛ Validating gameOfThrone.wlk","timeElapsed":110,"timestamp":"2024-09-05T21:17:06.869Z"}
{"level":"info","message":"⌛ Validating gameOfThrone.wlk","timeElapsed":117,"timestamp":"2024-09-05T21:17:07.333Z"}
{"level":"info","message":"⌛ Validating gameOfThrone.wlk","timeElapsed":114,"timestamp":"2024-09-05T21:17:07.611Z"}
{"level":"info","message":"⌛ Validating gameOfThrone.wlk","timeElapsed":107,"timestamp":"2024-09-05T21:17:08.187Z"}
{"level":"info","message":"⌛ Validating gameOfThrone.wlk","timeElapsed":112,"timestamp":"2024-09-05T21:17:08.441Z"}
{"level":"info","message":"⌛ Validating gameOfThrone.wlk","timeElapsed":113,"timestamp":"2024-09-05T21:17:08.789Z"}
{"level":"info","message":"⌛ Validating gameOfThrone.wlk","timeElapsed":120,"timestamp":"2024-09-05T21:17:09.601Z"}
{"level":"info","message":"⌛ Validating gameOfThrone.wlk","timeElapsed":123,"timestamp":"2024-09-05T21:17:10.048Z"}
{"level":"info","message":"⌛ Building environment","timeElapsed":104,"timestamp":"2024-09-05T21:17:10.232Z"}
{"level":"info","message":"⌛ Validating gameOfThrone.wlk","timeElapsed":112,"timestamp":"2024-09-05T21:17:10.344Z"}
{"level":"info","message":"⌛ Validating gameOfThrone.wlk","timeElapsed":113,"timestamp":"2024-09-05T21:17:10.874Z"}
{"level":"info","message":"⌛ Validating gameOfThrone.wlk","timeElapsed":101,"timestamp":"2024-09-05T21:17:11.211Z"}
{"level":"info","message":"⌛ Validating gameOfThrone.wlk","timeElapsed":113,"timestamp":"2024-09-05T21:17:11.421Z"}
{"level":"info","message":"⌛ Validating gameOfThrone.wlk","timeElapsed":104,"timestamp":"2024-09-05T21:17:22.143Z"}
{"level":"info","message":"⌛ Validating gameOfThrone.wlk","timeElapsed":108,"timestamp":"2024-09-05T21:17:22.475Z"}
{"level":"info","message":"⌛ Validating gameOfThrone.wlk","timeElapsed":104,"timestamp":"2024-09-05T21:17:22.950Z"}
{"level":"info","message":"⌛ Validating gameOfThrone.wlk","timeElapsed":107,"timestamp":"2024-09-05T21:17:23.402Z"}
{"level":"info","message":"⌛ Validating gameOfThrone.wlk","timeElapsed":112,"timestamp":"2024-09-05T21:17:23.536Z"}
{"level":"info","message":"⌛ Validating gameOfThrone.wlk","timeElapsed":102,"timestamp":"2024-09-05T21:17:27.949Z"}
{"level":"info","message":"⌛ Validating gameOfThrone.wlk","timeElapsed":118,"timestamp":"2024-09-05T21:17:43.885Z"}
{"level":"info","message":"⌛ Validating gameOfThrone.wlk","timeElapsed":112,"timestamp":"2024-09-05T21:17:59.229Z"}
{"level":"info","message":"⌛ Validating gameOfThrone.wlk","timeElapsed":109,"timestamp":"2024-09-05T21:17:59.430Z"}
{"level":"info","message":"⌛ Validating gameOfThrone.wlk","timeElapsed":101,"timestamp":"2024-09-05T21:17:59.931Z"}
{"level":"info","message":"⌛ Validating gameOfThrone.wlk","timeElapsed":103,"timestamp":"2024-09-05T21:18:00.675Z"}
{"level":"info","message":"⌛ Validating gameOfThrone.wlk","timeElapsed":102,"timestamp":"2024-09-05T21:18:04.480Z"}
{"level":"info","message":"⌛ Validating gameOfThrone.wlk","timeElapsed":127,"timestamp":"2024-09-05T21:18:05.437Z"}
{"level":"info","message":"⌛ Building environment","timeElapsed":101,"timestamp":"2024-09-05T21:18:07.115Z"}
{"level":"info","message":"⌛ Validating gameOfThrone.wlk","timeElapsed":101,"timestamp":"2024-09-05T21:18:08.886Z"}
{"level":"info","message":"⌛ Validating gameOfThrone.wlk","timeElapsed":103,"timestamp":"2024-09-05T21:18:09.051Z"}
{"level":"info","message":"⌛ Building environment","timeElapsed":234,"timestamp":"2024-09-05T21:18:09.420Z"}
{"level":"info","message":"⌛ Validating gameOfThrone.wlk","timeElapsed":115,"timestamp":"2024-09-05T21:18:09.535Z"}
{"level":"info","message":"⌛ Validating gameOfThrone.wlk","timeElapsed":101,"timestamp":"2024-09-05T21:18:10.530Z"}
{"level":"info","message":"onRequest - completionItem/resolve","timestamp":"2024-09-05T21:18:12.193Z"}
{"level":"info","message":"onRequest - completionItem/resolve","timestamp":"2024-09-05T21:18:15.428Z"}
{"level":"info","message":"⌛ Validating gameOfThrone.wlk","timeElapsed":137,"timestamp":"2024-09-05T21:18:16.494Z"}
{"level":"info","message":"onRequest - completionItem/resolve","timestamp":"2024-09-05T21:18:16.494Z"}
{"level":"info","message":"onRequest - completionItem/resolve","timestamp":"2024-09-05T21:18:20.190Z"}
{"level":"info","message":"⌛ Validating gameOfThrone.wlk","timeElapsed":115,"timestamp":"2024-09-05T21:19:58.881Z"}
{"level":"info","message":"⌛ Building environment","timeElapsed":101,"timestamp":"2024-09-05T21:19:58.984Z"}
{"level":"info","message":"⌛ Validating gameOfThrone.wlk","timeElapsed":107,"timestamp":"2024-09-05T21:19:59.159Z"}
{"level":"info","message":"⌛ Validating gameOfThrone.wlk","timeElapsed":109,"timestamp":"2024-09-05T21:19:59.455Z"}
{"level":"info","message":"⌛ Validating gameOfThrone.wlk","timeElapsed":101,"timestamp":"2024-09-05T21:19:59.799Z"}
{"level":"info","message":"⌛ Validating gameOfThrone.wlk","timeElapsed":103,"timestamp":"2024-09-05T21:20:00.512Z"}
{"level":"info","message":"⌛ Validating gameOfThrone.wlk","timeElapsed":119,"timestamp":"2024-09-05T21:20:00.908Z"}
{"level":"info","message":"⌛ Validating gameOfThrone.wlk","timeElapsed":105,"timestamp":"2024-09-05T21:20:15.272Z"}
{"level":"info","message":"⌛ Validating gameOfThrone.wlk","timeElapsed":146,"timestamp":"2024-09-05T21:20:15.563Z"}
{"level":"info","message":"⌛ Validating gameOfThrone.wlk","timeElapsed":102,"timestamp":"2024-09-05T21:20:16.052Z"}
{"level":"info","message":"⌛ Validating gameOfThrone.wlk","timeElapsed":108,"timestamp":"2024-09-05T21:20:16.484Z"}
{"failures":[],"level":"info","message":"🧪 Test runner executed on c:\\Users\\Lucas\\documents\\algoritmos1\\colecion-juego-de-tronos-parte-1-LucasBaez21","result":{"failed":0,"ok":4},"timeElapsed":457,"timestamp":"2024-09-05T21:20:32.245Z"}
